<?xml version="1.0" encoding="UTF-8"?>
<!-- Generated by org.testng.reporters.JUnitReportReporter -->
<testsuite skipped="0" hostname="Supreeth-PC" name="cucumber.Runner.TestRunner" tests="1" failures="0" timestamp="2021-11-06T13:15:01 IST" time="9.740" errors="0">
  <testcase name="feature" time="9.740" classname="cucumber.Runner.TestRunner"/>
  <system-out/>
</testsuite> <!-- cucumber.Runner.TestRunner -->
